
max_array.o:     file format elf32-littlearm


Disassembly of section .text:

00000000 <max_array>:
   0:	b4f0      	push	{r4, r5, r6, r7}
   2:	2301      	movs	r3, #1
   4:	6802      	ldr	r2, [r0, #0]
   6:	428b      	cmp	r3, r1
   8:	d007      	beq.n	1a <.END>
   a:	3004      	adds	r0, #4
   c:	3301      	adds	r3, #1
   e:	6804      	ldr	r4, [r0, #0]
  10:	4294      	cmp	r4, r2
  12:	dc00      	bgt.n	16 <.REASSIGN>
  14:	e7f7      	b.n	6 <max_array+0x6>

00000016 <.REASSIGN>:
  16:	6802      	ldr	r2, [r0, #0]
  18:	e7f5      	b.n	6 <max_array+0x6>

0000001a <.END>:
  1a:	0010      	movs	r0, r2
  1c:	bcf0      	pop	{r4, r5, r6, r7}
  1e:	4770      	bx	lr
